<?xml version="1.0" encoding="UTF-8"?>
<!-- Generated by org.testng.reporters.JUnitReportReporter -->
<testsuite hostname="RLP1637" failures="0" tests="2" name="com.vms.test.SeleniumVMSInsertRunner" time="1.731" errors="0" timestamp="2024-01-12T16:39:16 IST" skipped="0">
  <testcase classname="com.vms.test.SeleniumVMSInsertRunner" name="testVehicleInsertFormSubmission" time="0.498"/>
  <system-out/>
  <testcase classname="com.vms.test.SeleniumVMSInsertRunner" name="loadGoolgePage" time="1.233"/>
  <system-out/>
</testsuite> <!-- com.vms.test.SeleniumVMSInsertRunner -->
