<?xml version="1.0" encoding="UTF-8"?>
<!-- Generated by org.testng.reporters.JUnitReportReporter -->
<testsuite hostname="RLP1637" failures="0" tests="2" name="com.vms.test.SeleniumVMSViewAllRunner" time="1.292" errors="0" timestamp="2024-01-12T16:38:10 IST" skipped="0">
  <testcase classname="com.vms.test.SeleniumVMSViewAllRunner" name="loadGoolgePage" time="1.220"/>
  <system-out/>
  <testcase classname="com.vms.test.SeleniumVMSViewAllRunner" name="testVehicleViewAllPage" time="0.072"/>
  <system-out/>
</testsuite> <!-- com.vms.test.SeleniumVMSViewAllRunner -->
