<?xml version="1.0" encoding="UTF-8"?>
<!-- Generated by org.testng.reporters.JUnitReportReporter -->
<testsuite hostname="RLP1637" failures="0" tests="2" name="com.vms.test.SeleniumVMSUpdateRunner" time="1.758" errors="0" timestamp="2024-01-12T16:40:33 IST" skipped="0">
  <testcase classname="com.vms.test.SeleniumVMSUpdateRunner" name="loadGoolgePage" time="1.259"/>
  <system-out/>
  <testcase classname="com.vms.test.SeleniumVMSUpdateRunner" name="testVehicleUpdateFormSubmission" time="0.499"/>
  <system-out/>
</testsuite> <!-- com.vms.test.SeleniumVMSUpdateRunner -->
