<?xml version="1.0" encoding="UTF-8"?>
<!-- Generated by org.testng.reporters.JUnitReportReporter -->
<testsuite hostname="RLP1637" failures="0" tests="2" name="com.vms.test.SeleniumVMSDeleteRunner" time="1.021" errors="0" timestamp="2024-01-12T16:35:08 IST" skipped="0">
  <testcase classname="com.vms.test.SeleniumVMSDeleteRunner" name="loadGoolgePage" time="0.827"/>
  <system-out/>
  <testcase classname="com.vms.test.SeleniumVMSDeleteRunner" name="testVehicleDeleteFormSubmission" time="0.194"/>
  <system-out/>
</testsuite> <!-- com.vms.test.SeleniumVMSDeleteRunner -->
