<?xml version="1.0" encoding="UTF-8"?>
<!-- Generated by org.testng.reporters.JUnitReportReporter -->
<testsuite hostname="RLP1637" failures="0" tests="3" name="com.vms.test.SeleniumVMSProjectRunner" time="2.077" errors="0" timestamp="2024-01-12T11:40:16 IST" skipped="0">
  <testcase classname="com.vms.test.SeleniumVMSProjectRunner" name="site" time="0.188"/>
  <system-out/>
  <testcase classname="com.vms.test.SeleniumVMSProjectRunner" name="loadGoolgePage" time="1.307"/>
  <system-out/>
  <testcase classname="com.vms.test.SeleniumVMSProjectRunner" name="testVehicleFormSubmission" time="0.582"/>
  <system-out/>
</testsuite> <!-- com.vms.test.SeleniumVMSProjectRunner -->
